<?xml version="1.0" encoding="UTF-8"?>
<testsuite name="PhoneBookTest" tests="1" skipped="0" failures="0" errors="0" timestamp="2023-02-27T16:50:32" hostname="ILYA" time="43.533">
  <properties/>
  <testcase name="start" classname="PhoneBookTest" time="43.533"/>
  <system-out><![CDATA[?[1;31m
Start test 1?[0m
Start searching (linear search)...
Found 500 / 500 entries. Time taken: 0 min. 3 sec. 96 ms.

Start searching (bubble sort + jump search)...
Found 500 / 500 entries. Time taken: 0 min. 33 sec. 414 ms.
Sorting time: 0 min. 30 sec. 962 ms. - STOPPED, moved to linear search
Searching time: 0 min. 2 sec. 452 ms.

Start searching (quick sort + binary search)...
Found 500 / 500 entries. Time taken: 0 min. 2 sec. 967 ms.
Sorting time: 0 min. 2 sec. 917 ms.
Searching time: 0 min. 0 sec. 50 ms.

Start searching (hash table)...
Found 500 / 500 entries. Time taken: 0 min. 0 sec. 627 ms.
Creating time: 0 min. 0 sec. 627 ms.
Searching time: 0 min. 0 sec. 0 ms.
]]></system-out>
  <system-err><![CDATA[]]></system-err>
</testsuite>
